00:13:37.042 [schedule-pool-3] INFO  sys-user - [run,57] - [127.0.0.1]内网IP[zxzxzx][Success][登录成功]
00:21:31.572 [schedule-pool-5] INFO  sys-user - [run,57] - [127.0.0.1]内网IP[zxzxzx][Logout][退出成功]
00:48:05.489 [schedule-pool-3] INFO  sys-user - [run,57] - [127.0.0.1]内网IP[zxzxzx][Success][登录成功]
00:54:41.265 [lettuce-nioEventLoop-4-1] INFO  i.l.c.p.CommandHandler - [log,217] - null Unexpected exception during request: java.net.SocketException: Connection reset
java.net.SocketException: Connection reset
	at java.base/sun.nio.ch.SocketChannelImpl.throwConnectionReset(SocketChannelImpl.java:401)
	at java.base/sun.nio.ch.SocketChannelImpl.read(SocketChannelImpl.java:434)
	at io.netty.buffer.PooledByteBuf.setBytes(PooledByteBuf.java:253)
	at io.netty.buffer.AbstractByteBuf.writeBytes(AbstractByteBuf.java:1132)
	at io.netty.channel.socket.nio.NioSocketChannel.doReadBytes(NioSocketChannel.java:350)
	at io.netty.channel.nio.AbstractNioByteChannel$NioByteUnsafe.read(AbstractNioByteChannel.java:151)
	at io.netty.channel.nio.NioEventLoop.processSelectedKey(NioEventLoop.java:719)
	at io.netty.channel.nio.NioEventLoop.processSelectedKeysOptimized(NioEventLoop.java:655)
	at io.netty.channel.nio.NioEventLoop.processSelectedKeys(NioEventLoop.java:581)
	at io.netty.channel.nio.NioEventLoop.run(NioEventLoop.java:493)
	at io.netty.util.concurrent.SingleThreadEventExecutor$4.run(SingleThreadEventExecutor.java:986)
	at io.netty.util.internal.ThreadExecutorMap$2.run(ThreadExecutorMap.java:74)
	at io.netty.util.concurrent.FastThreadLocalRunnable.run(FastThreadLocalRunnable.java:30)
	at java.base/java.lang.Thread.run(Thread.java:1589)
00:54:41.370 [lettuce-eventExecutorLoop-1-2] INFO  i.l.c.p.ConnectionWatchdog - [log,171] - Reconnecting, last destination was localhost/127.0.0.1:6379
00:54:45.527 [SpringApplicationShutdownHook] INFO  sys-user - [shutdownAsyncManager,33] - ====关闭后台任务任务线程池====
00:54:45.533 [SpringApplicationShutdownHook] INFO  c.a.d.p.DruidDataSource - [close,2071] - {dataSource-1} closing ...
00:54:45.544 [SpringApplicationShutdownHook] INFO  c.a.d.p.DruidDataSource - [close,2144] - {dataSource-1} closed
11:14:15.615 [background-preinit] INFO  o.h.v.i.util.Version - [<clinit>,21] - HV000001: Hibernate Validator 6.2.0.Final
11:14:15.620 [restartedMain] INFO  c.s.b.BackendApplication - [logStarting,55] - Starting BackendApplication using Java 19.0.2 on xinixin-zhang with PID 10908 (D:\QQ下载\2681079357\FileRecv\大二下\软件工程\个人博客\010-个人博客系统\010-个人博客系统\010-个人博客系统\源码\blog-backend\blog-start\target\classes started by 宸娈 in D:\QQ下载\2681079357\FileRecv\大二下\软件工程\个人博客\010-个人博客系统\010-个人博客系统\010-个人博客系统\源码)
11:14:15.621 [restartedMain] INFO  c.s.b.BackendApplication - [logStartupProfileInfo,663] - The following profiles are active: druid
11:14:22.923 [restartedMain] INFO  o.a.c.h.Http11NioProtocol - [log,173] - Initializing ProtocolHandler ["http-nio-8080"]
11:14:22.924 [restartedMain] INFO  o.a.c.c.StandardService - [log,173] - Starting service [Tomcat]
11:14:22.924 [restartedMain] INFO  o.a.c.c.StandardEngine - [log,173] - Starting Servlet engine: [Apache Tomcat/9.0.54]
11:14:23.083 [restartedMain] INFO  o.a.c.c.C.[.[.[/] - [log,173] - Initializing Spring embedded WebApplicationContext
11:14:26.604 [restartedMain] INFO  c.a.d.p.DruidDataSource - [init,998] - {dataSource-1} inited
11:14:31.415 [restartedMain] INFO  o.a.c.h.Http11NioProtocol - [log,173] - Starting ProtocolHandler ["http-nio-8080"]
11:14:31.560 [restartedMain] INFO  c.s.b.BackendApplication - [logStarted,61] - Started BackendApplication in 16.651 seconds (JVM running for 24.012)
11:16:01.701 [http-nio-8080-exec-1] INFO  o.a.c.c.C.[.[.[/] - [log,173] - Initializing Spring DispatcherServlet 'dispatcherServlet'
11:18:59.674 [schedule-pool-1] INFO  sys-user - [run,57] - [127.0.0.1]内网IP[admin][Success][登录成功]
11:37:16.220 [schedule-pool-1] INFO  sys-user - [run,57] - [127.0.0.1]内网IP[admin][Logout][退出成功]
11:44:24.855 [SpringApplicationShutdownHook] INFO  sys-user - [shutdownAsyncManager,33] - ====关闭后台任务任务线程池====
11:44:24.860 [SpringApplicationShutdownHook] INFO  c.a.d.p.DruidDataSource - [close,2071] - {dataSource-1} closing ...
11:44:24.866 [SpringApplicationShutdownHook] INFO  c.a.d.p.DruidDataSource - [close,2144] - {dataSource-1} closed
11:48:04.129 [background-preinit] INFO  o.h.v.i.util.Version - [<clinit>,21] - HV000001: Hibernate Validator 6.2.0.Final
11:48:04.129 [restartedMain] INFO  c.s.b.BackendApplication - [logStarting,55] - Starting BackendApplication using Java 19.0.2 on xinixin-zhang with PID 7632 (D:\QQ下载\2681079357\FileRecv\大二下\软件工程\个人博客\010-个人博客系统\010-个人博客系统\010-个人博客系统\源码\blog-backend\blog-start\target\classes started by 宸娈 in D:\QQ下载\2681079357\FileRecv\大二下\软件工程\个人博客\010-个人博客系统\010-个人博客系统\010-个人博客系统\源码)
11:48:04.134 [restartedMain] INFO  c.s.b.BackendApplication - [logStartupProfileInfo,663] - The following profiles are active: druid
11:48:11.575 [restartedMain] INFO  o.a.c.h.Http11NioProtocol - [log,173] - Initializing ProtocolHandler ["http-nio-8080"]
11:48:11.576 [restartedMain] INFO  o.a.c.c.StandardService - [log,173] - Starting service [Tomcat]
11:48:11.577 [restartedMain] INFO  o.a.c.c.StandardEngine - [log,173] - Starting Servlet engine: [Apache Tomcat/9.0.54]
11:48:11.746 [restartedMain] INFO  o.a.c.c.C.[.[.[/] - [log,173] - Initializing Spring embedded WebApplicationContext
11:48:15.386 [restartedMain] INFO  c.a.d.p.DruidDataSource - [init,998] - {dataSource-1} inited
11:48:20.154 [restartedMain] INFO  o.a.c.h.Http11NioProtocol - [log,173] - Starting ProtocolHandler ["http-nio-8080"]
11:48:20.294 [restartedMain] INFO  c.s.b.BackendApplication - [logStarted,61] - Started BackendApplication in 16.912 seconds (JVM running for 25.153)
11:49:49.337 [http-nio-8080-exec-3] INFO  o.a.c.c.C.[.[.[/] - [log,173] - Initializing Spring DispatcherServlet 'dispatcherServlet'
11:55:44.065 [schedule-pool-1] INFO  sys-user - [run,57] - [127.0.0.1]内网IP[zxzxzx][Success][登录成功]
16:32:17.966 [schedule-pool-1] INFO  sys-user - [run,57] - [127.0.0.1]内网IP[admin][Error][验证码错误]
16:32:21.984 [schedule-pool-3] INFO  sys-user - [run,57] - [127.0.0.1]内网IP[admin][Success][登录成功]
18:34:22.692 [schedule-pool-2] INFO  sys-user - [run,57] - [127.0.0.1]内网IP[admin][Success][登录成功]
18:34:23.067 [schedule-pool-4] INFO  sys-user - [run,57] - [127.0.0.1]内网IP[admin][Error][验证码已失效]
18:34:23.448 [schedule-pool-1] INFO  sys-user - [run,57] - [127.0.0.1]内网IP[admin][Error][验证码已失效]
18:35:34.134 [schedule-pool-5] INFO  sys-user - [run,57] - [127.0.0.1]内网IP[admin][Logout][退出成功]
18:56:15.702 [schedule-pool-3] INFO  sys-user - [run,57] - [127.0.0.1]内网IP[zxzxzx][Success][登录成功]
19:29:01.172 [Thread-4] INFO  sys-user - [shutdownAsyncManager,33] - ====关闭后台任务任务线程池====
19:29:01.180 [Thread-4] INFO  c.a.d.p.DruidDataSource - [close,2071] - {dataSource-1} closing ...
19:29:01.183 [Thread-4] INFO  c.a.d.p.DruidDataSource - [close,2144] - {dataSource-1} closed
19:29:01.745 [restartedMain] INFO  c.s.b.BackendApplication - [logStarting,55] - Starting BackendApplication using Java 19.0.2 on xinixin-zhang with PID 7632 (D:\QQ下载\2681079357\FileRecv\大二下\软件工程\个人博客\010-个人博客系统\010-个人博客系统\010-个人博客系统\源码\blog-backend\blog-start\target\classes started by 宸娈 in D:\QQ下载\2681079357\FileRecv\大二下\软件工程\个人博客\010-个人博客系统\010-个人博客系统\010-个人博客系统\源码)
19:29:01.746 [restartedMain] INFO  c.s.b.BackendApplication - [logStartupProfileInfo,663] - The following profiles are active: druid
19:29:03.881 [restartedMain] INFO  o.a.c.h.Http11NioProtocol - [log,173] - Initializing ProtocolHandler ["http-nio-8080"]
19:29:03.882 [restartedMain] INFO  o.a.c.c.StandardService - [log,173] - Starting service [Tomcat]
19:29:03.882 [restartedMain] INFO  o.a.c.c.StandardEngine - [log,173] - Starting Servlet engine: [Apache Tomcat/9.0.54]
19:29:03.934 [restartedMain] INFO  o.a.c.c.C.[.[.[/] - [log,173] - Initializing Spring embedded WebApplicationContext
19:29:05.315 [restartedMain] INFO  c.a.d.p.DruidDataSource - [init,998] - {dataSource-2} inited
19:29:08.224 [restartedMain] INFO  o.a.c.h.Http11NioProtocol - [log,173] - Starting ProtocolHandler ["http-nio-8080"]
19:29:08.309 [restartedMain] INFO  c.s.b.BackendApplication - [logStarted,61] - Started BackendApplication in 6.667 seconds (JVM running for 27673.168)
19:38:19.897 [SpringApplicationShutdownHook] INFO  sys-user - [shutdownAsyncManager,33] - ====关闭后台任务任务线程池====
19:38:19.905 [SpringApplicationShutdownHook] INFO  c.a.d.p.DruidDataSource - [close,2071] - {dataSource-2} closing ...
19:38:19.912 [SpringApplicationShutdownHook] INFO  c.a.d.p.DruidDataSource - [close,2144] - {dataSource-2} closed
